<?xml version="1.0" encoding="UTF-8"?>
<testsuite name="com.tavisca.workshops.pratham.GalaxyTest" tests="6" skipped="0" failures="0" errors="0" timestamp="2019-07-27T18:43:19" hostname="RENTLAPT0065" time="0.018">
  <properties/>
  <testcase name="canParseWordToRomanNumeralStatement" classname="com.tavisca.workshops.pratham.GalaxyTest" time="0.006"/>
  <testcase name="checkCreditPerItem" classname="com.tavisca.workshops.pratham.GalaxyTest" time="0.007"/>
  <testcase name="canParseMuchManyTokens" classname="com.tavisca.workshops.pratham.GalaxyTest" time="0.0"/>
  <testcase name="canParseCreditStatement" classname="com.tavisca.workshops.pratham.GalaxyTest" time="0.0"/>
  <testcase name="checkValidMap" classname="com.tavisca.workshops.pratham.GalaxyTest" time="0.001"/>
  <testcase name="answerQuestions" classname="com.tavisca.workshops.pratham.GalaxyTest" time="0.001"/>
  <system-out><![CDATA[]]></system-out>
  <system-err><![CDATA[]]></system-err>
</testsuite>
