<?xml version="1.0" encoding="UTF-8"?>
<testsuite name="com.tavisca.workshops.pratham.GalaxyTest" tests="1" skipped="0" failures="0" errors="0" timestamp="2019-07-27T18:29:33" hostname="RENTLAPT0065" time="0.008">
  <properties/>
  <testcase name="answerQuestions" classname="com.tavisca.workshops.pratham.GalaxyTest" time="0.008"/>
  <system-out><![CDATA[]]></system-out>
  <system-err><![CDATA[]]></system-err>
</testsuite>
